2025-05-29 20:46:03 - JWT tokens generated for user: admin
2025-05-29 21:26:33 - JWT tokens generated for user: admin
2025-05-29 21:27:31 - Updated channel ID 3 with station ID 45507
2025-05-29 21:27:43 - Updated channel ID 1 with station ID 32645
2025-05-29 21:27:59 - Updated channel ID 3 with station ID 45507
2025-05-29 21:27:59 - Updated channel ID 1 with station ID 32645
2025-05-29 21:32:18 - Tokens refreshed automatically
2025-05-29 21:33:05 - Tokens refreshed automatically
2025-05-30 00:33:57 - Tokens refreshed automatically
2025-05-30 00:34:11 - JWT tokens generated for user: admin
2025-05-31 01:24:10 - Tokens refreshed automatically
2025-05-31 01:24:27 - JWT tokens generated for user: admin
2025-05-31 02:00:28 - Tokens refreshed automatically
2025-05-31 09:30:52 - Tokens refreshed automatically
2025-05-31 09:36:56 - Tokens refreshed automatically
2025-05-31 09:41:11 - Tokens refreshed automatically
2025-05-31 09:44:20 - Tokens refreshed automatically
2025-05-31 09:45:23 - Updated channel ID 3 with station ID 45507
2025-05-31 09:53:30 - Tokens refreshed automatically
2025-05-31 09:56:21 - Tokens refreshed automatically
2025-05-31 10:00:12 - Tokens refreshed automatically
2025-05-31 10:07:32 - Tokens refreshed automatically
2025-05-31 10:11:44 - Tokens refreshed automatically
2025-05-31 10:15:56 - Tokens refreshed automatically
2025-05-31 10:31:00 - Tokens refreshed automatically
2025-05-31 10:37:35 - Tokens refreshed automatically
2025-05-31 10:39:39 - Tokens refreshed automatically
2025-05-31 10:55:59 - Tokens refreshed automatically
2025-05-31 10:57:05 - Updated channel ID 3: name=y, tvg=n, station=n
2025-05-31 10:57:54 - Updated channel ID 4: name=y, tvg=n, station=n
2025-05-31 11:00:15 - Updated channel ID 1 with station ID 32645
2025-05-31 11:00:27 - Updated channel ID 3 with station ID 45507
2025-05-31 11:04:57 - Tokens refreshed automatically
2025-05-31 11:24:59 - Tokens refreshed automatically
2025-05-31 11:28:03 - Updated channel ID 1 with station ID 32645
2025-05-31 11:28:03 - Updated channel ID 3 with station ID 45507
2025-05-31 13:06:37 - Tokens refreshed automatically
2025-05-31 14:56:32 - Tokens refreshed automatically
2025-05-31 21:49:20 - Tokens refreshed automatically
2025-05-31 21:56:01 - Tokens refreshed automatically
2025-05-31 23:51:24 - Tokens refreshed automatically
2025-06-01 00:06:37 - Tokens refreshed automatically
2025-06-01 00:06:55 - Tokens refreshed automatically
2025-06-01 00:09:07 - Tokens refreshed automatically
2025-06-01 00:09:42 - Tokens refreshed automatically
2025-06-01 00:29:19 - Tokens refreshed automatically
2025-06-01 00:30:00 - Uploaded logo for 'ESPN HD' with ID: 113
2025-06-01 00:30:00 - Updated channel ID 1: logo=113
2025-06-01 01:25:00 - Tokens refreshed automatically
2025-06-01 01:40:00 - Tokens refreshed automatically
2025-06-01 16:27:41 - Tokens refreshed automatically
2025-06-01 16:56:53 - Tokens refreshed automatically
2025-06-01 17:01:12 - Tokens refreshed automatically
2025-06-01 17:01:54 - Tokens refreshed automatically
2025-06-01 17:06:20 - Tokens refreshed automatically
2025-06-01 17:14:33 - Tokens refreshed automatically
2025-06-01 17:20:00 - Tokens refreshed automatically
2025-06-01 17:20:26 - Tokens refreshed automatically
2025-06-01 17:22:47 - Tokens refreshed automatically
2025-06-01 17:23:39 - Tokens refreshed automatically
2025-06-01 17:26:42 - Tokens refreshed automatically
2025-06-01 17:29:38 - Tokens refreshed automatically
2025-06-01 17:30:30 - Tokens refreshed automatically
2025-06-01 17:31:49 - Tokens refreshed automatically
2025-06-01 17:36:11 - Tokens refreshed automatically
2025-06-01 18:47:12 - Tokens refreshed automatically
2025-06-01 18:52:21 - Tokens refreshed automatically
2025-06-01 18:54:28 - Tokens refreshed automatically
2025-06-01 18:54:47 - Tokens refreshed automatically
2025-06-01 19:04:40 - Tokens refreshed automatically
2025-06-01 19:07:44 - Tokens refreshed automatically
2025-06-01 20:07:28 - Tokens refreshed automatically
2025-06-01 20:38:06 - Tokens refreshed automatically
2025-06-01 20:38:30 - JWT tokens generated for user: admin
2025-06-01 20:45:17 - Tokens refreshed automatically
2025-06-01 20:51:11 - Tokens refreshed automatically
2025-06-01 20:56:44 - Tokens refreshed automatically
2025-06-01 21:01:07 - Tokens refreshed automatically
2025-06-01 21:03:19 - Tokens refreshed automatically
2025-06-01 21:09:14 - Tokens refreshed automatically
2025-06-01 21:11:28 - Tokens refreshed automatically
2025-06-01 21:12:08 - Updated channel ID 1: station=yes
2025-06-01 21:12:37 - Uploaded logo for 'ESPN2 HD' with ID: 114
2025-06-01 21:12:37 - Updated channel ID 3: station=yes logo=114
2025-06-01 21:16:35 - Tokens refreshed automatically
2025-06-01 21:18:24 - Tokens refreshed automatically
2025-06-01 21:21:09 - Tokens refreshed automatically
2025-06-01 21:21:57 - Tokens refreshed automatically
2025-06-01 21:24:53 - Tokens refreshed automatically
2025-06-01 21:27:26 - Tokens refreshed automatically
2025-06-01 21:28:36 - Tokens refreshed automatically
2025-06-01 21:32:37 - Tokens refreshed automatically
2025-06-01 22:34:01 - Tokens refreshed automatically
2025-06-01 22:34:47 - Uploaded logo for 'Golf Channel HD' with ID: 115
2025-06-01 22:34:47 - Updated channel ID 24: name=yes logo=115
2025-06-01 22:36:33 - Uploaded logo for 'Big Ten Network HD' with ID: 116
2025-06-01 22:36:33 - Updated channel ID 6: name=yes logo=116
2025-06-01 22:45:13 - Tokens refreshed automatically
2025-06-01 23:10:11 - Tokens refreshed automatically
2025-06-01 23:10:52 - Logo already exists with ID: 113
2025-06-01 23:10:52 - Updated channel ID 115: name=yes tvg=yes station=yes logo=113
2025-06-01 23:38:52 - Tokens refreshed automatically
2025-06-01 23:45:28 - Tokens refreshed automatically
2025-06-02 00:34:48 - Tokens refreshed automatically
2025-06-02 00:36:00 - Tokens refreshed automatically
2025-06-02 00:36:44 - Uploaded logo for 'ESPNU HD' with ID: 117
2025-06-02 00:36:44 - Updated channel ID 9: tvg=yes logo=117
2025-06-02 00:36:58 - Uploaded logo for 'ESPNEWS HD' with ID: 118
2025-06-02 00:36:58 - Updated channel ID 10: tvg=yes logo=118
2025-06-02 00:37:30 - Uploaded logo for 'ESPN Deportes HD' with ID: 119
2025-06-02 00:37:30 - Updated channel ID 11: tvg=yes logo=119
2025-06-02 00:38:15 - Uploaded logo for 'SEC Network HD' with ID: 120
2025-06-02 00:38:15 - Updated channel ID 12: tvg=yes logo=120
2025-06-02 00:38:46 - Tokens refreshed automatically
2025-06-02 00:38:46 - Uploaded logo for 'ACC Network' with ID: 121
2025-06-02 00:38:46 - Tokens refreshed automatically
2025-06-02 00:38:46 - Updated channel ID 13: name=yes tvg=yes logo=[36m🔄 Refreshing authentication tokens (5 logo uploads processed)...[0m
[32m✅ Tokens refreshed successfully[0m
121
2025-06-02 00:41:24 - Uploaded logo for 'CBS Sports Network HD' with ID: 122
2025-06-02 00:41:24 - Updated channel ID 16: name=yes tvg=yes logo=122
2025-06-02 00:41:35 - Uploaded logo for 'FS1 HD' with ID: 123
2025-06-02 00:41:35 - Updated channel ID 17: name=yes tvg=yes logo=123
2025-06-02 00:41:45 - Uploaded logo for 'FS2 HD' with ID: 124
2025-06-02 00:41:45 - Updated channel ID 18: name=yes tvg=yes logo=124
2025-06-02 00:42:00 - Uploaded logo for 'NFL Network HD' with ID: 125
2025-06-02 00:42:01 - Updated channel ID 20: name=yes tvg=yes logo=125
2025-06-02 00:42:17 - Tokens refreshed automatically
2025-06-02 00:42:49 - Logo already exists with ID: 124
2025-06-02 00:42:49 - Updated channel ID 18: logo=124
2025-06-02 00:43:06 - Logo already exists with ID: 125
2025-06-02 00:43:06 - Updated channel ID 20: logo=125
2025-06-02 00:43:17 - Uploaded logo for 'NFL RedZone HD' with ID: 126
2025-06-02 00:43:17 - Updated channel ID 21: name=yes tvg=yes logo=126
2025-06-02 00:43:34 - Uploaded logo for 'MLB Network HD' with ID: 127
2025-06-02 00:43:35 - Updated channel ID 19: name=yes tvg=yes logo=127
2025-06-02 00:43:45 - Tokens refreshed automatically
2025-06-02 00:43:45 - Uploaded logo for 'NBA TV HD' with ID: 128
2025-06-02 00:43:46 - Tokens refreshed automatically
2025-06-02 00:43:46 - Updated channel ID 22: name=yes tvg=yes logo=128
2025-06-02 00:59:51 - Tokens refreshed automatically
2025-06-02 00:59:54 - Tokens refreshed automatically
2025-06-02 01:00:06 - Logo already exists with ID: 113
2025-06-02 01:00:06 - Updated channel ID 115: logo=113
2025-06-02 01:00:22 - Logo already exists with ID: 114
2025-06-02 01:00:22 - Updated channel ID 3: tvg=yes logo=114
2025-06-02 01:00:31 - Uploaded logo for 'FanDuel Sports Network Detroit HD' with ID: 129
2025-06-02 01:00:31 - Updated channel ID 4: tvg=yes logo=129
2025-06-02 01:00:55 - Updated channel ID 5: name=yes
2025-06-02 01:01:07 - Tokens refreshed automatically
2025-06-02 01:01:07 - Logo already exists with ID: 115
2025-06-02 01:01:07 - Tokens refreshed automatically
2025-06-02 01:01:08 - Updated channel ID 24: tvg=yes logo=115
2025-06-02 01:03:50 - Tokens refreshed automatically
2025-06-02 01:06:31 - Uploaded logo for 'Big Ten Network Overflow HD' with ID: 130
2025-06-02 01:06:31 - Updated channel ID 7: name=yes tvg=yes logo=130
2025-06-02 01:12:07 - Tokens refreshed automatically
2025-06-02 01:12:25 - Logo already exists with ID: 113
2025-06-02 01:12:25 - Updated channel ID 115: logo=113
2025-06-02 01:12:34 - Logo already exists with ID: 114
2025-06-02 01:12:34 - Updated channel ID 3: logo=114
2025-06-02 01:12:42 - Logo already exists with ID: 129
2025-06-02 01:12:42 - Updated channel ID 4: logo=129
2025-06-02 01:12:53 - Logo already exists with ID: 115
2025-06-02 01:12:53 - Updated channel ID 24: logo=115
2025-06-02 01:13:02 - Tokens refreshed automatically
2025-06-02 01:13:03 - Logo already exists with ID: 116
2025-06-02 01:13:03 - Tokens refreshed automatically
2025-06-02 01:13:03 - Updated channel ID 6: tvg=yes logo=116
2025-06-02 01:17:43 - Tokens refreshed automatically
2025-06-02 01:17:55 - Logo already exists with ID: 113
2025-06-02 01:17:55 - Updated channel ID 115: logo=113
2025-06-02 01:18:04 - Logo already exists with ID: 114
2025-06-02 01:18:04 - Updated channel ID 3: logo=114
2025-06-02 01:18:13 - Logo already exists with ID: 129
2025-06-02 01:18:13 - Updated channel ID 4: logo=129
2025-06-02 01:18:27 - Logo already exists with ID: 115
2025-06-02 01:18:27 - Updated channel ID 24: logo=115
2025-06-02 01:18:35 - Tokens refreshed automatically
2025-06-02 01:18:35 - Logo already exists with ID: 116
2025-06-02 01:18:35 - Tokens refreshed automatically
2025-06-02 01:18:35 - Updated channel ID 6: logo=116
2025-06-02 01:20:04 - Logo already exists with ID: 130
2025-06-02 01:20:04 - Updated channel ID 7: logo=130
2025-06-02 01:21:42 - Tokens refreshed automatically
2025-06-02 01:22:14 - Logo already exists with ID: 113
2025-06-02 01:22:15 - Updated channel ID 115: logo=113
2025-06-02 01:22:20 - Logo already exists with ID: 114
2025-06-02 01:22:20 - Updated channel ID 3: logo=114
2025-06-02 01:22:25 - Logo already exists with ID: 129
2025-06-02 01:22:25 - Updated channel ID 4: logo=129
2025-06-02 01:22:38 - Logo already exists with ID: 115
2025-06-02 01:22:38 - Updated channel ID 24: logo=115
2025-06-02 01:22:45 - Tokens refreshed automatically
2025-06-02 01:22:45 - Logo already exists with ID: 116
2025-06-02 01:22:45 - Tokens refreshed automatically
2025-06-02 01:22:46 - Updated channel ID 6: logo=116
2025-06-02 01:24:38 - Tokens refreshed automatically
2025-06-02 01:24:47 - Logo already exists with ID: 113
2025-06-02 01:24:47 - Updated channel ID 115: logo=113
2025-06-02 01:25:11 - Tokens refreshed automatically
2025-06-02 09:58:54 - Tokens refreshed automatically
2025-06-02 13:03:11 - Tokens refreshed automatically
2025-06-02 14:25:54 - Tokens refreshed automatically
2025-06-02 14:46:34 - Tokens refreshed automatically
2025-06-02 14:48:58 - Tokens refreshed automatically
2025-06-02 14:56:26 - Tokens refreshed automatically
2025-06-02 15:15:59 - Tokens refreshed automatically
2025-06-02 15:55:48 - Tokens refreshed automatically
2025-06-02 16:01:45 - Tokens refreshed automatically
2025-06-02 16:37:37 - Tokens refreshed automatically
2025-06-02 17:22:16 - Cleaned up old logo cache entries
2025-06-02 19:19:32 - Tokens refreshed automatically
2025-06-02 22:16:01 - Tokens refreshed automatically
2025-06-02 22:16:40 - Logo already exists with ID: 117
2025-06-02 22:16:40 - Updated channel ID 9: logo=117
2025-06-02 22:16:50 - Logo already exists with ID: 118
2025-06-02 22:16:50 - Updated channel ID 10: logo=118
2025-06-02 22:17:00 - Logo already exists with ID: 119
2025-06-02 22:17:00 - Updated channel ID 11: logo=119
2025-06-02 22:17:08 - Logo already exists with ID: 120
2025-06-02 22:17:08 - Updated channel ID 12: logo=120
2025-06-02 22:18:15 - Tokens refreshed automatically
2025-06-02 22:21:16 - Tokens refreshed automatically
2025-06-02 22:21:56 - Tokens refreshed automatically
2025-06-02 23:16:22 - Tokens refreshed automatically
2025-06-02 23:18:04 - Tokens refreshed automatically
[2025-06-03 11:43:57] [AUTH-INFO] Authentication module initialized
[2025-06-03 11:43:57] [AUTH-INFO] Dispatcharr enabled, testing authentication...
[2025-06-03 11:43:57] [AUTH-INFO] Authentication validated successfully
[2025-06-03 11:43:57] [AUTH-INFO] Existing authentication is valid
[2025-06-03 11:44:02] [AUTH-INFO] Authenticating with Dispatcharr...
[2025-06-03 11:44:02] [AUTH-SUCCESS] Authentication successful
[2025-06-03 11:51:15] [AUTH-INFO] Authentication module initialized
[2025-06-03 11:51:15] [AUTH-INFO] Dispatcharr enabled, testing authentication...
[2025-06-03 11:51:15] [AUTH-INFO] Authentication validated successfully
[2025-06-03 11:51:15] [AUTH-INFO] Existing authentication is valid
[2025-06-03 11:51:17] [AUTH-INFO] Authenticating with Dispatcharr...
[2025-06-03 11:51:17] [AUTH-SUCCESS] Authentication successful
[2025-06-03 13:29:44] [AUTH-INFO] Authentication module initialized
[2025-06-03 13:29:44] [AUTH-INFO] Dispatcharr enabled, testing authentication...
[2025-06-03 13:29:44] [AUTH-INFO] Authentication validated successfully
[2025-06-03 13:29:44] [AUTH-INFO] Existing authentication is valid
[2025-06-03 13:31:14] [AUTH-INFO] Authentication module initialized
[2025-06-03 13:31:15] [AUTH-INFO] Dispatcharr enabled, testing authentication...
[2025-06-03 13:31:15] [AUTH-INFO] Authentication validated successfully
[2025-06-03 13:31:15] [AUTH-INFO] Existing authentication is valid
[2025-06-03 13:33:11] [AUTH-INFO] Authentication module initialized
[2025-06-03 13:33:11] [AUTH-INFO] Dispatcharr enabled, testing authentication...
[2025-06-03 13:33:11] [AUTH-INFO] Authentication validated successfully
[2025-06-03 13:33:11] [AUTH-INFO] Existing authentication is valid
[2025-06-03 13:36:06] [AUTH-INFO] Authentication module initialized
[2025-06-03 13:36:06] [AUTH-INFO] Dispatcharr enabled, testing authentication...
[2025-06-03 13:36:06] [AUTH-INFO] Authentication validated successfully
[2025-06-03 13:36:06] [AUTH-INFO] Existing authentication is valid
[2025-06-03 13:37:38] [AUTH-INFO] Authentication module initialized
[2025-06-03 13:37:38] [AUTH-INFO] Dispatcharr enabled, testing authentication...
[2025-06-03 13:37:39] [AUTH-INFO] Authentication validated successfully
[2025-06-03 13:37:39] [AUTH-INFO] Existing authentication is valid
[2025-06-03 13:38:27] [AUTH-INFO] Authentication module initialized
[2025-06-03 13:38:27] [AUTH-INFO] Dispatcharr enabled, testing authentication...
[2025-06-03 13:38:27] [AUTH-INFO] Authentication validated successfully
[2025-06-03 13:38:27] [AUTH-INFO] Existing authentication is valid
[2025-06-03 13:39:46] [AUTH-INFO] Authentication module initialized
[2025-06-03 13:39:46] [AUTH-INFO] Dispatcharr enabled, testing authentication...
[2025-06-03 13:39:46] [AUTH-INFO] Authentication validated successfully
[2025-06-03 13:39:46] [AUTH-INFO] Existing authentication is valid
[2025-06-03 13:46:20] [AUTH-INFO] Authentication module initialized
[2025-06-03 13:46:20] [AUTH-INFO] Dispatcharr enabled, testing authentication...
[2025-06-03 13:46:20] [AUTH-INFO] Authentication validated successfully
[2025-06-03 13:46:20] [AUTH-INFO] Existing authentication is valid
[2025-06-03 13:49:07] [AUTH-INFO] Authentication module initialized
[2025-06-03 13:49:07] [AUTH-INFO] Dispatcharr enabled, testing authentication...
[2025-06-03 13:49:07] [AUTH-INFO] Authentication validated successfully
[2025-06-03 13:49:07] [AUTH-INFO] Existing authentication is valid
[2025-06-03 13:50:10] [AUTH-INFO] Authentication module initialized
[2025-06-03 13:50:10] [AUTH-INFO] Dispatcharr enabled, testing authentication...
[2025-06-03 13:50:10] [AUTH-INFO] Authentication validated successfully
[2025-06-03 13:50:10] [AUTH-INFO] Existing authentication is valid
[2025-06-03 13:51:06] [AUTH-INFO] Authentication module initialized
[2025-06-03 13:51:06] [AUTH-INFO] Dispatcharr enabled, testing authentication...
[2025-06-03 13:51:06] [AUTH-INFO] Authentication validated successfully
[2025-06-03 13:51:06] [AUTH-INFO] Existing authentication is valid
[2025-06-03 13:51:19] [AUTH-INFO] Authentication module initialized
[2025-06-03 13:51:19] [AUTH-INFO] Dispatcharr enabled, testing authentication...
[2025-06-03 13:51:19] [AUTH-INFO] Authentication validated successfully
[2025-06-03 13:51:19] [AUTH-INFO] Existing authentication is valid
[2025-06-03 13:54:18] [AUTH-INFO] Authentication module initialized
[2025-06-03 13:54:18] [AUTH-INFO] Dispatcharr enabled, testing authentication...
[2025-06-03 13:54:18] [AUTH-INFO] Authentication validated successfully
[2025-06-03 13:54:18] [AUTH-INFO] Existing authentication is valid
[2025-06-03 13:57:28] [AUTH-INFO] Authentication module initialized
[2025-06-03 13:57:28] [AUTH-INFO] Dispatcharr enabled, testing authentication...
[2025-06-03 13:57:28] [AUTH-INFO] Authentication validated successfully
[2025-06-03 13:57:28] [AUTH-INFO] Existing authentication is valid
[2025-06-03 14:05:19] [AUTH-INFO] Authentication module initialized
[2025-06-03 14:05:19] [AUTH-INFO] Dispatcharr enabled, testing authentication...
[2025-06-03 14:05:19] [AUTH-INFO] Authentication validated successfully
[2025-06-03 14:05:19] [AUTH-INFO] Existing authentication is valid
[2025-06-03 14:19:55] [AUTH-INFO] Authentication validated successfully
[2025-06-03 14:19:56] [AUTH-INFO] Authentication module initialized
[2025-06-03 14:19:56] [AUTH-INFO] Dispatcharr enabled, testing authentication...
[2025-06-03 14:19:56] [AUTH-INFO] Authentication validated successfully
[2025-06-03 14:19:56] [AUTH-INFO] Existing authentication is valid
[2025-06-03 14:23:29] [AUTH-INFO] Authentication module initialized
[2025-06-03 14:23:29] [AUTH-INFO] Dispatcharr enabled, testing authentication...
[2025-06-03 14:23:29] [AUTH-INFO] Authentication validated successfully
[2025-06-03 14:23:29] [AUTH-INFO] Existing authentication is valid
[2025-06-03 15:01:59] [AUTH-INFO] Authentication module initialized
[2025-06-03 15:01:59] [AUTH-INFO] Dispatcharr enabled, testing authentication...
[2025-06-03 15:01:59] [AUTH-INFO] Authentication validated successfully
[2025-06-03 15:01:59] [AUTH-INFO] Existing authentication is valid
[2025-06-03 15:03:59] [AUTH-INFO] Authentication module initialized
[2025-06-03 15:03:59] [AUTH-INFO] Dispatcharr enabled, testing authentication...
[2025-06-03 15:03:59] [AUTH-INFO] Authentication validated successfully
[2025-06-03 15:03:59] [AUTH-INFO] Existing authentication is valid
[2025-06-03 15:13:17] [AUTH-INFO] Authentication module initialized
[2025-06-03 15:13:17] [AUTH-INFO] Dispatcharr enabled, testing authentication...
[2025-06-03 15:13:17] [AUTH-INFO] Authentication validated successfully
[2025-06-03 15:13:17] [AUTH-INFO] Existing authentication is valid
[2025-06-03 15:16:04] [AUTH-INFO] Authentication module initialized
[2025-06-03 15:16:04] [AUTH-INFO] Dispatcharr enabled, testing authentication...
[2025-06-03 15:16:04] [AUTH-INFO] Authentication validated successfully
[2025-06-03 15:16:04] [AUTH-INFO] Existing authentication is valid
[2025-06-03 15:18:50] [AUTH-INFO] Authentication module initialized
[2025-06-03 15:18:50] [AUTH-INFO] Dispatcharr enabled, testing authentication...
[2025-06-03 15:18:50] [AUTH-INFO] Authentication validated successfully
[2025-06-03 15:18:50] [AUTH-INFO] Existing authentication is valid
[2025-06-03 15:20:06] [AUTH-INFO] Authentication module initialized
[2025-06-03 15:20:06] [AUTH-INFO] Dispatcharr enabled, testing authentication...
[2025-06-03 15:20:06] [AUTH-INFO] Authentication validated successfully
[2025-06-03 15:20:06] [AUTH-INFO] Existing authentication is valid
[2025-06-03 15:23:47] [AUTH-INFO] Authentication module initialized
[2025-06-03 15:23:47] [AUTH-INFO] Dispatcharr enabled, testing authentication...
[2025-06-03 15:23:47] [AUTH-INFO] Authentication validated successfully
[2025-06-03 15:23:47] [AUTH-INFO] Existing authentication is valid
[2025-06-03 15:30:15] [AUTH-INFO] Authentication module initialized
[2025-06-03 15:30:15] [AUTH-INFO] Dispatcharr enabled, testing authentication...
[2025-06-03 15:30:15] [AUTH-INFO] Authentication validated successfully
[2025-06-03 15:30:15] [AUTH-INFO] Existing authentication is valid
[2025-06-03 15:31:47] [AUTH-INFO] Authentication module initialized
[2025-06-03 15:31:47] [AUTH-INFO] Dispatcharr enabled, testing authentication...
[2025-06-03 15:31:47] [AUTH-INFO] Authentication validated successfully
[2025-06-03 15:31:47] [AUTH-INFO] Existing authentication is valid
[2025-06-03 15:33:56] [AUTH-INFO] Authentication module initialized
[2025-06-03 15:33:56] [AUTH-INFO] Dispatcharr enabled, testing authentication...
[2025-06-03 15:33:56] [AUTH-INFO] Authentication validated successfully
[2025-06-03 15:33:56] [AUTH-INFO] Existing authentication is valid
[2025-06-03 15:41:03] [AUTH-INFO] Authentication module initialized
[2025-06-03 15:41:03] [AUTH-INFO] Dispatcharr enabled, testing authentication...
[2025-06-03 15:41:03] [AUTH-INFO] Authentication validated successfully
[2025-06-03 15:41:03] [AUTH-INFO] Existing authentication is valid
[2025-06-03 15:41:06] [AUTH-INFO] Authenticating with Dispatcharr...
[2025-06-03 15:41:06] [AUTH-SUCCESS] Authentication successful
[2025-06-03 15:46:15] [AUTH-INFO] Authentication module initialized
[2025-06-03 15:46:15] [AUTH-INFO] Dispatcharr enabled, testing authentication...
[2025-06-03 15:46:15] [AUTH-INFO] Authentication validated successfully
[2025-06-03 15:46:15] [AUTH-INFO] Existing authentication is valid
[2025-06-03 15:46:21] [AUTH-INFO] Authenticating with Dispatcharr...
[2025-06-03 15:46:21] [AUTH-SUCCESS] Authentication successful
[2025-06-03 15:50:39] [AUTH-INFO] Authentication module initialized
[2025-06-03 15:50:39] [AUTH-INFO] Dispatcharr enabled, testing authentication...
[2025-06-03 15:50:39] [AUTH-INFO] Authentication validated successfully
[2025-06-03 15:50:39] [AUTH-INFO] Existing authentication is valid
[2025-06-03 15:50:45] [AUTH-INFO] Authenticating with Dispatcharr...
[2025-06-03 15:50:45] [AUTH-SUCCESS] Authentication successful
[2025-06-03 15:55:57] [AUTH-INFO] Authentication module initialized
[2025-06-03 15:55:57] [AUTH-INFO] Dispatcharr enabled, testing authentication...
[2025-06-03 15:55:57] [AUTH-INFO] Authentication validated successfully
[2025-06-03 15:55:57] [AUTH-INFO] Existing authentication is valid
[2025-06-03 15:56:00] [AUTH-INFO] Authenticating with Dispatcharr...
[2025-06-03 15:56:00] [AUTH-SUCCESS] Authentication successful
2025-06-03 15:56:28 - Updated channel ID 13: name=yes tvg=yes
[2025-06-03 15:58:47] [AUTH-INFO] Authentication module initialized
[2025-06-03 15:58:47] [AUTH-INFO] Dispatcharr enabled, testing authentication...
[2025-06-03 15:58:47] [AUTH-INFO] Authentication validated successfully
[2025-06-03 15:58:47] [AUTH-INFO] Existing authentication is valid
[2025-06-03 15:58:50] [AUTH-INFO] Authenticating with Dispatcharr...
[2025-06-03 15:58:50] [AUTH-SUCCESS] Authentication successful
[2025-06-03 16:01:18] [AUTH-INFO] Authentication module initialized
[2025-06-03 16:01:18] [AUTH-INFO] Dispatcharr enabled, testing authentication...
[2025-06-03 16:01:18] [AUTH-INFO] Authentication validated successfully
[2025-06-03 16:01:18] [AUTH-INFO] Existing authentication is valid
[2025-06-03 16:01:20] [AUTH-INFO] Authenticating with Dispatcharr...
[2025-06-03 16:01:21] [AUTH-SUCCESS] Authentication successful
2025-06-03 16:01:35 - Updated channel ID 16: logo=122
[2025-06-03 16:20:03] [AUTH-INFO] Authentication module initialized
[2025-06-03 16:20:03] [AUTH-INFO] Dispatcharr enabled, testing authentication...
[2025-06-03 16:20:03] [AUTH-INFO] Authentication validated successfully
[2025-06-03 16:20:03] [AUTH-INFO] Existing authentication is valid
[2025-06-03 16:20:08] [AUTH-INFO] Authenticating with Dispatcharr...
[2025-06-03 16:20:08] [AUTH-SUCCESS] Authentication successful
[2025-06-03 16:31:23] [AUTH-INFO] Authentication module initialized
[2025-06-03 16:31:23] [AUTH-INFO] Dispatcharr enabled, testing authentication...
[2025-06-03 16:31:23] [AUTH-INFO] Authentication validated successfully
[2025-06-03 16:31:23] [AUTH-INFO] Existing authentication is valid
[2025-06-03 16:31:31] [AUTH-INFO] Authenticating with Dispatcharr...
[2025-06-03 16:31:31] [AUTH-SUCCESS] Authentication successful
[2025-06-03 16:43:33] [AUTH-INFO] Authentication module initialized
[2025-06-03 16:43:33] [AUTH-INFO] Dispatcharr enabled, testing authentication...
[2025-06-03 16:43:33] [AUTH-INFO] Authentication validated successfully
[2025-06-03 16:43:33] [AUTH-INFO] Existing authentication is valid
[2025-06-03 16:43:37] [AUTH-INFO] Authenticating with Dispatcharr...
[2025-06-03 16:43:37] [AUTH-SUCCESS] Authentication successful
[2025-06-03 16:46:13] [AUTH-INFO] Authentication module initialized
[2025-06-03 16:46:13] [AUTH-INFO] Dispatcharr enabled, testing authentication...
[2025-06-03 16:46:13] [AUTH-INFO] Authentication validated successfully
[2025-06-03 16:46:13] [AUTH-INFO] Existing authentication is valid
[2025-06-03 16:46:19] [AUTH-INFO] Authenticating with Dispatcharr...
[2025-06-03 16:46:19] [AUTH-SUCCESS] Authentication successful
[2025-06-03 16:52:07] [AUTH-INFO] Authentication module initialized
[2025-06-03 16:52:07] [AUTH-INFO] Dispatcharr enabled, testing authentication...
[2025-06-03 16:52:07] [AUTH-INFO] Authentication validated successfully
[2025-06-03 16:52:07] [AUTH-INFO] Existing authentication is valid
[2025-06-03 16:52:11] [AUTH-INFO] Authenticating with Dispatcharr...
[2025-06-03 16:52:11] [AUTH-SUCCESS] Authentication successful
[2025-06-03 16:54:58] [AUTH-INFO] Authentication module initialized
[2025-06-03 16:54:58] [AUTH-INFO] Dispatcharr enabled, testing authentication...
[2025-06-03 16:54:58] [AUTH-INFO] Authentication validated successfully
[2025-06-03 16:54:58] [AUTH-INFO] Existing authentication is valid
[2025-06-03 16:55:02] [AUTH-INFO] Authenticating with Dispatcharr...
[2025-06-03 16:55:02] [AUTH-SUCCESS] Authentication successful
[2025-06-03 16:56:55] [AUTH-INFO] Authentication module initialized
[2025-06-03 16:56:55] [AUTH-INFO] Dispatcharr enabled, testing authentication...
[2025-06-03 16:56:55] [AUTH-INFO] Authentication validated successfully
[2025-06-03 16:56:55] [AUTH-INFO] Existing authentication is valid
[2025-06-03 16:56:58] [AUTH-INFO] Authenticating with Dispatcharr...
[2025-06-03 16:56:58] [AUTH-SUCCESS] Authentication successful
[2025-06-03 16:58:47] [AUTH-INFO] Authentication module initialized
[2025-06-03 16:58:47] [AUTH-INFO] Dispatcharr enabled, testing authentication...
[2025-06-03 16:58:47] [AUTH-INFO] Authentication validated successfully
[2025-06-03 16:58:47] [AUTH-INFO] Existing authentication is valid
[2025-06-03 16:58:50] [AUTH-INFO] Authenticating with Dispatcharr...
[2025-06-03 16:58:50] [AUTH-SUCCESS] Authentication successful
[2025-06-03 17:01:17] [AUTH-INFO] Authentication module initialized
[2025-06-03 17:01:17] [AUTH-INFO] Dispatcharr enabled, testing authentication...
[2025-06-03 17:01:17] [AUTH-INFO] Authentication validated successfully
[2025-06-03 17:01:17] [AUTH-INFO] Existing authentication is valid
[2025-06-03 17:01:20] [AUTH-INFO] Authenticating with Dispatcharr...
[2025-06-03 17:01:20] [AUTH-SUCCESS] Authentication successful
[2025-06-03 17:07:22] [AUTH-INFO] Authentication module initialized
[2025-06-03 17:07:22] [AUTH-INFO] Dispatcharr enabled, testing authentication...
[2025-06-03 17:07:22] [AUTH-INFO] Authentication validated successfully
[2025-06-03 17:07:22] [AUTH-INFO] Existing authentication is valid
[2025-06-03 17:07:25] [AUTH-INFO] Authenticating with Dispatcharr...
[2025-06-03 17:07:25] [AUTH-SUCCESS] Authentication successful
[2025-06-03 17:17:02] [AUTH-INFO] Authentication module initialized
[2025-06-03 17:17:02] [AUTH-INFO] Dispatcharr enabled, testing authentication...
[2025-06-03 17:17:02] [AUTH-INFO] Authentication validated successfully
[2025-06-03 17:17:02] [AUTH-INFO] Existing authentication is valid
[2025-06-03 17:17:06] [AUTH-INFO] Authenticating with Dispatcharr...
[2025-06-03 17:17:06] [AUTH-SUCCESS] Authentication successful
[2025-06-03 18:59:23] [AUTH-INFO] Authentication module initialized
[2025-06-03 18:59:23] [AUTH-INFO] Dispatcharr enabled, testing authentication...
[2025-06-03 18:59:23] [AUTH-INFO] Authentication validated successfully
[2025-06-03 18:59:23] [AUTH-INFO] Existing authentication is valid
[2025-06-03 19:00:56] [AUTH-INFO] Authentication module initialized
[2025-06-03 19:00:56] [AUTH-INFO] Dispatcharr enabled, testing authentication...
[2025-06-03 19:00:56] [AUTH-INFO] Authentication validated successfully
[2025-06-03 19:00:56] [AUTH-INFO] Existing authentication is valid
[2025-06-03 19:39:10] [AUTH-INFO] Authentication module initialized
[2025-06-03 19:39:10] [AUTH-INFO] Dispatcharr enabled, testing authentication...
[2025-06-03 19:39:10] [AUTH-INFO] Authentication validated successfully
[2025-06-03 19:39:10] [AUTH-INFO] Existing authentication is valid
[2025-06-03 19:39:51] [AUTH-INFO] Authentication module initialized
[2025-06-03 19:39:51] [AUTH-INFO] Dispatcharr enabled, testing authentication...
[2025-06-03 19:39:51] [AUTH-INFO] Authentication validated successfully
[2025-06-03 19:39:51] [AUTH-INFO] Existing authentication is valid
[2025-06-03 19:57:02] [AUTH-INFO] Authentication module initialized
[2025-06-03 19:57:02] [AUTH-INFO] Dispatcharr enabled, testing authentication...
[2025-06-03 19:57:03] [AUTH-INFO] Authentication validated successfully
[2025-06-03 19:57:03] [AUTH-INFO] Existing authentication is valid
[2025-06-03 20:10:33] [AUTH-INFO] Authentication module initialized
[2025-06-03 20:10:33] [AUTH-INFO] Dispatcharr enabled, testing authentication...
[2025-06-03 20:10:33] [AUTH-INFO] Authentication validated successfully
[2025-06-03 20:10:33] [AUTH-INFO] Existing authentication is valid
[2025-06-03 20:21:14] [AUTH-INFO] Authentication validated successfully
[2025-06-03 21:01:36] [AUTH-INFO] Authentication module initialized
[2025-06-03 21:01:36] [AUTH-INFO] Dispatcharr enabled, testing authentication...
[2025-06-03 21:01:36] [AUTH-INFO] Authentication validated successfully
[2025-06-03 21:01:36] [AUTH-INFO] Existing authentication is valid
[2025-06-03 21:11:10] [AUTH-INFO] Authentication module initialized
[2025-06-03 21:11:10] [AUTH-INFO] Dispatcharr enabled, testing authentication...
[2025-06-03 21:11:10] [AUTH-INFO] Authentication validated successfully
[2025-06-03 21:11:10] [AUTH-INFO] Existing authentication is valid
[2025-06-03 21:16:57] [AUTH-INFO] Authentication module initialized
[2025-06-03 21:16:57] [AUTH-INFO] Dispatcharr enabled, testing authentication...
[2025-06-03 21:16:57] [AUTH-INFO] Authentication validated successfully
[2025-06-03 21:16:57] [AUTH-INFO] Existing authentication is valid
[2025-06-03 21:18:06] [AUTH-INFO] Authentication module initialized
[2025-06-03 21:18:06] [AUTH-INFO] Dispatcharr enabled, testing authentication...
[2025-06-03 21:18:06] [AUTH-INFO] Authentication validated successfully
[2025-06-03 21:18:06] [AUTH-INFO] Existing authentication is valid
[2025-06-03 21:19:34] [AUTH-INFO] Authentication module initialized
[2025-06-03 21:19:34] [AUTH-INFO] Dispatcharr enabled, testing authentication...
[2025-06-03 21:19:34] [AUTH-INFO] Authentication validated successfully
[2025-06-03 21:19:34] [AUTH-INFO] Existing authentication is valid
[2025-06-03 21:21:24] [AUTH-INFO] Authentication module initialized
[2025-06-03 21:21:24] [AUTH-INFO] Dispatcharr enabled, testing authentication...
[2025-06-03 21:21:24] [AUTH-INFO] Authentication validated successfully
[2025-06-03 21:21:24] [AUTH-INFO] Existing authentication is valid
[2025-06-03 21:22:11] [AUTH-INFO] Authentication module initialized
[2025-06-03 21:22:11] [AUTH-INFO] Dispatcharr enabled, testing authentication...
[2025-06-03 21:22:11] [AUTH-INFO] Authentication validated successfully
[2025-06-03 21:22:11] [AUTH-INFO] Existing authentication is valid
[2025-06-03 21:34:35] [AUTH-INFO] Authentication module initialized
[2025-06-03 21:34:35] [AUTH-INFO] Dispatcharr enabled, testing authentication...
[2025-06-03 21:34:35] [AUTH-INFO] Authentication validated successfully
[2025-06-03 21:34:35] [AUTH-INFO] Existing authentication is valid
[2025-06-03 21:42:01] [AUTH-INFO] Authentication module initialized
[2025-06-03 21:42:01] [AUTH-INFO] Dispatcharr enabled, testing authentication...
[2025-06-03 21:42:01] [AUTH-INFO] Authentication validated successfully
[2025-06-03 21:42:01] [AUTH-INFO] Existing authentication is valid
[2025-06-03 21:51:40] [AUTH-INFO] Authentication module initialized
[2025-06-03 21:51:40] [AUTH-INFO] Dispatcharr enabled, testing authentication...
[2025-06-03 21:51:40] [AUTH-INFO] Authentication validated successfully
[2025-06-03 21:51:40] [AUTH-INFO] Existing authentication is valid
[2025-06-03 21:58:10] [AUTH-INFO] Authentication module initialized
[2025-06-03 21:58:10] [AUTH-INFO] Dispatcharr enabled, testing authentication...
[2025-06-03 21:58:10] [AUTH-INFO] Authentication validated successfully
[2025-06-03 21:58:10] [AUTH-INFO] Existing authentication is valid
[2025-06-03 22:01:55] [AUTH-INFO] Authentication module initialized
[2025-06-03 22:01:55] [AUTH-INFO] Dispatcharr enabled, testing authentication...
[2025-06-03 22:01:56] [AUTH-INFO] Authentication validated successfully
[2025-06-03 22:01:56] [AUTH-INFO] Existing authentication is valid
[2025-06-03 22:02:11] [AUTH-INFO] Authentication module initialized
[2025-06-03 22:02:11] [AUTH-INFO] Dispatcharr enabled, testing authentication...
[2025-06-03 22:02:11] [AUTH-INFO] Authentication validated successfully
[2025-06-03 22:02:11] [AUTH-INFO] Existing authentication is valid
[2025-06-03 22:02:31] [AUTH-INFO] Authentication module initialized
[2025-06-03 22:02:31] [AUTH-INFO] Dispatcharr enabled, testing authentication...
[2025-06-03 22:02:31] [AUTH-INFO] Authentication validated successfully
[2025-06-03 22:02:31] [AUTH-INFO] Existing authentication is valid
[2025-06-03 22:05:28] [AUTH-INFO] Authentication module initialized
[2025-06-03 22:05:28] [AUTH-INFO] Dispatcharr enabled, testing authentication...
[2025-06-03 22:05:28] [AUTH-INFO] Authentication validated successfully
[2025-06-03 22:05:28] [AUTH-INFO] Existing authentication is valid
[2025-06-03 22:13:56] [AUTH-INFO] Authentication module initialized
[2025-06-03 22:13:56] [AUTH-INFO] Dispatcharr enabled, testing authentication...
[2025-06-03 22:13:56] [AUTH-INFO] Authentication validated successfully
[2025-06-03 22:13:56] [AUTH-INFO] Existing authentication is valid
[2025-06-03 22:16:58] [AUTH-INFO] Authentication module initialized
[2025-06-03 22:16:58] [AUTH-INFO] Dispatcharr enabled, testing authentication...
[2025-06-03 22:16:58] [AUTH-INFO] Authentication validated successfully
[2025-06-03 22:16:58] [AUTH-INFO] Existing authentication is valid
[2025-06-03 22:22:51] [AUTH-INFO] Authentication module initialized
[2025-06-03 22:22:51] [AUTH-INFO] Dispatcharr enabled, testing authentication...
[2025-06-03 22:22:51] [AUTH-INFO] Authentication validated successfully
[2025-06-03 22:22:51] [AUTH-INFO] Existing authentication is valid
[2025-06-03 22:26:37] [AUTH-INFO] Authentication module initialized
[2025-06-03 22:26:37] [AUTH-INFO] Dispatcharr enabled, testing authentication...
[2025-06-03 22:26:37] [AUTH-INFO] Authentication validated successfully
[2025-06-03 22:26:37] [AUTH-INFO] Existing authentication is valid
[2025-06-03 22:33:33] [AUTH-INFO] Authentication module initialized
[2025-06-03 22:33:33] [AUTH-INFO] Dispatcharr enabled, testing authentication...
[2025-06-03 22:33:33] [AUTH-INFO] Authentication validated successfully
[2025-06-03 22:33:33] [AUTH-INFO] Existing authentication is valid
[2025-06-03 22:39:37] [AUTH-INFO] Authentication module initialized
[2025-06-03 22:39:37] [AUTH-INFO] Dispatcharr enabled, testing authentication...
[2025-06-03 22:39:37] [AUTH-INFO] Authentication validated successfully
[2025-06-03 22:39:37] [AUTH-INFO] Existing authentication is valid
[2025-06-03 22:44:29] [AUTH-INFO] Authentication module initialized
[2025-06-03 22:44:29] [AUTH-INFO] Dispatcharr enabled, testing authentication...
[2025-06-03 22:44:29] [AUTH-INFO] Authentication validated successfully
[2025-06-03 22:44:29] [AUTH-INFO] Existing authentication is valid
[2025-06-03 22:50:00] [AUTH-INFO] Authentication module initialized
[2025-06-03 22:50:00] [AUTH-INFO] Dispatcharr enabled, testing authentication...
[2025-06-03 22:50:00] [AUTH-INFO] Authentication validated successfully
[2025-06-03 22:50:00] [AUTH-INFO] Existing authentication is valid
[2025-06-03 22:50:45] [AUTH-INFO] Authentication module initialized
[2025-06-03 22:50:45] [AUTH-INFO] Dispatcharr enabled, testing authentication...
[2025-06-03 22:50:45] [AUTH-INFO] Authentication validated successfully
[2025-06-03 22:50:45] [AUTH-INFO] Existing authentication is valid
[2025-06-03 22:58:03] [AUTH-INFO] Authentication module initialized
[2025-06-03 22:58:03] [AUTH-INFO] Dispatcharr enabled, testing authentication...
[2025-06-03 22:58:03] [AUTH-INFO] Authentication validated successfully
[2025-06-03 22:58:03] [AUTH-INFO] Existing authentication is valid
[2025-06-03 23:49:17] [AUTH-INFO] Authentication module initialized
[2025-06-03 23:49:17] [AUTH-INFO] Dispatcharr enabled, testing authentication...
[2025-06-03 23:49:17] [AUTH-INFO] Authentication validated successfully
[2025-06-03 23:49:17] [AUTH-INFO] Existing authentication is valid
[2025-06-03 23:51:09] [AUTH-INFO] Authentication module initialized
[2025-06-03 23:51:09] [AUTH-INFO] Dispatcharr enabled, testing authentication...
[2025-06-03 23:51:09] [AUTH-INFO] Authentication validated successfully
[2025-06-03 23:51:09] [AUTH-INFO] Existing authentication is valid
[2025-06-03 23:51:09] [AUTH-INFO] Token expires soon, proactively refreshing...
[2025-06-03 23:51:09] [AUTH-INFO] Refreshing access token using refresh token
[2025-06-03 23:51:09] [AUTH-SUCCESS] Access token refreshed successfully
[2025-06-03 23:51:09] [AUTH-SUCCESS] Proactive token refresh successful
[2025-06-03 23:51:09] [AUTH-INFO] Preparing for test operation (estimated: 300s)
[2025-06-03 23:51:09] [AUTH-INFO] Token sufficient for operation duration
[2025-06-03 23:54:32] [AUTH-INFO] Authentication module initialized
[2025-06-03 23:54:32] [AUTH-INFO] Dispatcharr enabled, testing authentication...
[2025-06-03 23:54:32] [AUTH-INFO] Authentication validated successfully
[2025-06-03 23:54:32] [AUTH-INFO] Existing authentication is valid
[2025-06-03 23:54:36] [AUTH-INFO] Authenticating with Dispatcharr...
[2025-06-03 23:54:36] [AUTH-SUCCESS] Authentication successful
[2025-06-04 00:05:59] [AUTH-INFO] Authentication module initialized
[2025-06-04 00:05:59] [AUTH-INFO] Dispatcharr enabled, testing authentication...
[2025-06-04 00:05:59] [AUTH-INFO] Authentication validated successfully
[2025-06-04 00:05:59] [AUTH-INFO] Existing authentication is valid
[2025-06-04 00:06:04] [AUTH-INFO] Authenticating with Dispatcharr...
[2025-06-04 00:06:04] [AUTH-SUCCESS] Authentication successful
[2025-06-04 00:06:43] [AUTH-INFO] Authentication module initialized
[2025-06-04 00:06:43] [AUTH-INFO] Dispatcharr enabled, testing authentication...
[2025-06-04 00:06:43] [AUTH-INFO] Authentication validated successfully
[2025-06-04 00:06:43] [AUTH-INFO] Existing authentication is valid
[2025-06-04 00:06:49] [AUTH-INFO] Authenticating with Dispatcharr...
[2025-06-04 00:06:49] [AUTH-SUCCESS] Authentication successful
[2025-06-04 00:07:36] [AUTH-INFO] Authenticating with Dispatcharr...
[2025-06-04 00:07:36] [AUTH-SUCCESS] Authentication successful
[2025-06-04 00:07:57] [AUTH-INFO] Preparing for all channels processing (estimated: 2730s)
[2025-06-04 00:07:57] [AUTH-INFO] Token won't last through operation, refreshing preemptively...
[2025-06-04 00:07:57] [AUTH-INFO] Refreshing access token using refresh token
[2025-06-04 00:07:57] [AUTH-SUCCESS] Access token refreshed successfully
[2025-06-04 00:07:57] [AUTH-SUCCESS] Preemptive refresh for batch operation successful
[2025-06-04 00:22:03] [AUTH-INFO] Authentication module initialized
[2025-06-04 00:22:03] [AUTH-INFO] Dispatcharr enabled, testing authentication...
[2025-06-04 00:22:03] [AUTH-INFO] Authentication validated successfully
[2025-06-04 00:22:03] [AUTH-INFO] Existing authentication is valid
[2025-06-04 00:50:29] [AUTH-INFO] Authentication module initialized
[2025-06-04 00:50:29] [AUTH-INFO] Dispatcharr enabled, testing authentication...
[2025-06-04 00:50:29] [AUTH-INFO] Authentication validated successfully
[2025-06-04 00:50:29] [AUTH-INFO] Existing authentication is valid
[2025-06-04 00:50:31] [AUTH-INFO] Starting background token refresh...
[2025-06-04 00:50:31] [AUTH-INFO] Refreshing access token using refresh token
[2025-06-04 00:50:31] [AUTH-SUCCESS] Access token refreshed successfully
[2025-06-04 00:50:31] [AUTH-SUCCESS] Background token refresh completed
[2025-06-04 00:50:47] [AUTH-INFO] Authenticating with Dispatcharr...
[2025-06-04 00:50:47] [AUTH-SUCCESS] Authentication successful
[2025-06-04 00:53:09] [AUTH-INFO] Authentication module initialized
[2025-06-04 00:53:09] [AUTH-INFO] Dispatcharr enabled, testing authentication...
[2025-06-04 00:53:09] [AUTH-INFO] Authentication validated successfully
[2025-06-04 00:53:09] [AUTH-INFO] Existing authentication is valid
[2025-06-04 00:53:13] [AUTH-INFO] Authenticating with Dispatcharr...
[2025-06-04 00:53:13] [AUTH-SUCCESS] Authentication successful
[2025-06-04 00:53:34] [AUTH-INFO] Authenticating with Dispatcharr...
[2025-06-04 00:53:34] [AUTH-SUCCESS] Authentication successful
[2025-06-04 00:58:05] [AUTH-INFO] Authentication module initialized
[2025-06-04 00:58:05] [AUTH-INFO] Dispatcharr enabled, testing authentication...
[2025-06-04 00:58:05] [AUTH-INFO] Authentication validated successfully
[2025-06-04 00:58:05] [AUTH-INFO] Existing authentication is valid
[2025-06-04 00:58:10] [AUTH-INFO] Authenticating with Dispatcharr...
[2025-06-04 00:58:11] [AUTH-SUCCESS] Authentication successful
[2025-06-04 00:59:02] [AUTH-INFO] Preparing for all channels processing (estimated: 2730s)
[2025-06-04 00:59:02] [AUTH-INFO] Token won't last through operation, refreshing preemptively...
[2025-06-04 00:59:02] [AUTH-INFO] Refreshing access token using refresh token
[2025-06-04 00:59:03] [AUTH-SUCCESS] Access token refreshed successfully
[2025-06-04 00:59:03] [AUTH-SUCCESS] Preemptive refresh for batch operation successful
[2025-06-04 01:06:44] [AUTH-INFO] Authentication module initialized
[2025-06-04 01:06:44] [AUTH-INFO] Dispatcharr enabled, testing authentication...
[2025-06-04 01:06:44] [AUTH-INFO] Authentication validated successfully
[2025-06-04 01:06:44] [AUTH-INFO] Existing authentication is valid
[2025-06-04 01:06:50] [AUTH-INFO] Authenticating with Dispatcharr...
[2025-06-04 01:06:51] [AUTH-SUCCESS] Authentication successful
[2025-06-04 01:07:05] [AUTH-INFO] Preparing for all channels processing (estimated: 2730s)
[2025-06-04 01:07:05] [AUTH-INFO] Token won't last through operation, refreshing preemptively...
[2025-06-04 01:07:05] [AUTH-INFO] Refreshing access token using refresh token
[2025-06-04 01:07:05] [AUTH-SUCCESS] Access token refreshed successfully
[2025-06-04 01:07:05] [AUTH-SUCCESS] Preemptive refresh for batch operation successful
[2025-06-04 01:08:20] [AUTH-INFO] Authentication module initialized
[2025-06-04 01:08:20] [AUTH-INFO] Dispatcharr enabled, testing authentication...
[2025-06-04 01:08:20] [AUTH-INFO] Authentication validated successfully
[2025-06-04 01:08:20] [AUTH-INFO] Existing authentication is valid
[2025-06-04 01:08:25] [AUTH-INFO] Authenticating with Dispatcharr...
[2025-06-04 01:08:25] [AUTH-SUCCESS] Authentication successful
[2025-06-04 01:08:34] [AUTH-INFO] Preparing for all channels processing (estimated: 3150s)
[2025-06-04 01:08:34] [AUTH-INFO] Token won't last through operation, refreshing preemptively...
[2025-06-04 01:08:34] [AUTH-INFO] Refreshing access token using refresh token
[2025-06-04 01:08:34] [AUTH-SUCCESS] Access token refreshed successfully
[2025-06-04 01:08:34] [AUTH-SUCCESS] Preemptive refresh for batch operation successful
[2025-06-04 01:09:44] [AUTH-INFO] Preparing for all channels processing (estimated: 3000s)
[2025-06-04 01:09:44] [AUTH-INFO] Token won't last through operation, refreshing preemptively...
[2025-06-04 01:09:44] [AUTH-INFO] Refreshing access token using refresh token
[2025-06-04 01:09:44] [AUTH-SUCCESS] Access token refreshed successfully
[2025-06-04 01:09:44] [AUTH-SUCCESS] Preemptive refresh for batch operation successful
[2025-06-04 01:10:15] [AUTH-INFO] Preparing for all channels processing (estimated: 2850s)
[2025-06-04 01:10:15] [AUTH-INFO] Token won't last through operation, refreshing preemptively...
[2025-06-04 01:10:15] [AUTH-INFO] Refreshing access token using refresh token
[2025-06-04 01:10:15] [AUTH-SUCCESS] Access token refreshed successfully
[2025-06-04 01:10:15] [AUTH-SUCCESS] Preemptive refresh for batch operation successful
[2025-06-04 01:13:22] [AUTH-INFO] Authentication module initialized
[2025-06-04 01:13:22] [AUTH-INFO] Dispatcharr enabled, testing authentication...
[2025-06-04 01:13:22] [AUTH-INFO] Authentication validated successfully
[2025-06-04 01:13:22] [AUTH-INFO] Existing authentication is valid
[2025-06-04 01:13:28] [AUTH-INFO] Authenticating with Dispatcharr...
[2025-06-04 01:13:28] [AUTH-SUCCESS] Authentication successful
[2025-06-04 01:13:50] [AUTH-INFO] Preparing for all channels processing (estimated: 2700s)
[2025-06-04 01:13:50] [AUTH-INFO] Token won't last through operation, refreshing preemptively...
[2025-06-04 01:13:50] [AUTH-INFO] Refreshing access token using refresh token
[2025-06-04 01:13:50] [AUTH-SUCCESS] Access token refreshed successfully
[2025-06-04 01:13:50] [AUTH-SUCCESS] Preemptive refresh for batch operation successful
2025-06-04 01:14:00 - Updated channel ID 18: logo=124
[2025-06-04 01:14:15] [AUTH-INFO] Authenticating with Dispatcharr...
[2025-06-04 01:14:15] [AUTH-SUCCESS] Authentication successful
