[2025-06-03 18:59:23] Update system initialized
[2025-06-03 19:00:56] Update system initialized
[2025-06-03 19:01:08] Update check failed: Unable to parse release info
[2025-06-03 19:39:10] Update system initialized
[2025-06-03 19:39:52] Update system initialized
[2025-06-03 19:57:03] Update system initialized
[2025-06-03 20:10:33] Update system initialized
[2025-06-03 21:01:36] Update system initialized
[2025-06-03 21:01:44] No releases found in repository
[2025-06-03 21:01:44] Update check completed: no releases in repository
[2025-06-03 21:11:10] Git-based update system initialized
[2025-06-03 21:11:17] GitHub API error: No commit found for SHA: 
[2025-06-03 21:11:17] Update check failed: Unable to fetch commit info
[2025-06-03 21:16:57] Git-based update system initialized
[2025-06-03 21:17:11] GitHub API error: No commit found for SHA: 
[2025-06-03 21:17:11] Update check failed: Unable to fetch commit info
[2025-06-03 21:18:06] Git-based update system initialized
[2025-06-03 21:18:15] GitHub API error: No commit found for SHA: 
[2025-06-03 21:18:15] Update check failed: Unable to fetch commit info
[2025-06-03 21:19:34] Git-based update system initialized
[2025-06-03 21:19:42] Up to date: c8dd624e matches remote c8dd624e
[2025-06-03 21:21:24] Git-based update system initialized
[2025-06-03 21:22:11] Git-based update system initialized
[2025-06-03 21:34:35] Git-based update system initialized
[2025-06-03 21:42:01] Git-based update system initialized
[2025-06-03 21:51:40] Git-based update system initialized
[2025-06-03 21:58:10] Git-based update system initialized
[2025-06-03 22:01:56] Git-based update system initialized
[2025-06-03 22:02:11] Git-based update system initialized
[2025-06-03 22:02:31] Git-based update system initialized
[2025-06-03 22:02:32] Up to date: c8dd624e matches remote c8dd624e
[2025-06-03 22:05:28] Git-based update system initialized
[2025-06-03 22:05:29] Up to date: c8dd624e matches remote c8dd624e
[2025-06-03 22:13:56] Git-based update system initialized
[2025-06-03 22:13:57] Enhanced git-based update system initialized with cleanup and validation
[2025-06-03 22:13:58] Up to date: c8dd624e matches remote c8dd624e
[2025-06-03 22:16:58] Git-based update system initialized
[2025-06-03 22:16:59] Enhanced git-based update system initialized with cleanup and validation
[2025-06-03 22:17:00] Up to date: c8dd624e matches remote c8dd624e
[2025-06-03 22:22:51] Git-based update system initialized
[2025-06-03 22:22:51] Enhanced git-based update system initialized with cleanup and validation
[2025-06-03 22:22:52] Up to date: c8dd624e matches remote c8dd624e
[2025-06-03 22:26:37] Git-based update system initialized
[2025-06-03 22:26:37] Enhanced git-based update system initialized with cleanup and validation
[2025-06-03 22:26:38] Up to date: c8dd624e matches remote c8dd624e
[2025-06-03 22:33:33] Git-based update system initialized
[2025-06-03 22:33:33] Enhanced git-based update system initialized with cleanup and validation
[2025-06-03 22:33:34] Up to date: c8dd624e matches remote c8dd624e
[2025-06-03 22:39:37] Git-based update system initialized
[2025-06-03 22:39:37] Enhanced git-based update system initialized with cleanup and validation
[2025-06-03 22:39:38] Up to date: c8dd624e matches remote c8dd624e
[2025-06-03 22:44:29] Git-based update system initialized
[2025-06-03 22:44:29] Enhanced git-based update system initialized with cleanup and validation
[2025-06-03 22:44:30] Up to date: c8dd624e matches remote c8dd624e
[2025-06-03 22:50:00] Git-based update system initialized
[2025-06-03 22:50:00] Enhanced git-based update system initialized with cleanup and validation
[2025-06-03 22:50:01] Up to date: c8dd624e matches remote c8dd624e
[2025-06-03 22:50:45] Git-based update system initialized
[2025-06-03 22:50:45] Enhanced git-based update system initialized with cleanup and validation
[2025-06-03 22:50:46] Up to date: c8dd624e matches remote c8dd624e
[2025-06-03 22:58:03] Git-based update system initialized
[2025-06-03 22:58:03] Enhanced git-based update system initialized with cleanup and validation
[2025-06-03 22:58:04] Up to date: c8dd624e matches remote c8dd624e
[2025-06-03 23:54:32] Git-based update system initialized
[2025-06-03 23:54:32] Enhanced git-based update system initialized with cleanup and validation
[2025-06-03 23:54:33] Up to date: c8dd624e matches remote c8dd624e
[2025-06-04 00:05:59] Git-based update system initialized
[2025-06-04 00:05:59] Enhanced git-based update system initialized with cleanup and validation
[2025-06-04 00:06:00] Up to date: c8dd624e matches remote c8dd624e
[2025-06-04 00:06:43] Git-based update system initialized
[2025-06-04 00:06:43] Enhanced git-based update system initialized with cleanup and validation
[2025-06-04 00:06:44] Up to date: c8dd624e matches remote c8dd624e
[2025-06-04 00:22:03] Git-based update system initialized
[2025-06-04 00:22:03] Enhanced git-based update system initialized with cleanup and validation
[2025-06-04 00:22:04] Up to date: c8dd624e matches remote c8dd624e
[2025-06-04 00:50:29] Git-based update system initialized
[2025-06-04 00:50:29] Enhanced git-based update system initialized with cleanup and validation
[2025-06-04 00:50:30] Up to date: c8dd624e matches remote c8dd624e
[2025-06-04 00:53:09] Git-based update system initialized
[2025-06-04 00:53:09] Enhanced git-based update system initialized with cleanup and validation
[2025-06-04 00:53:10] Up to date: c8dd624e matches remote c8dd624e
[2025-06-04 00:58:05] Git-based update system initialized
[2025-06-04 00:58:05] Enhanced git-based update system initialized with cleanup and validation
[2025-06-04 00:58:06] Up to date: c8dd624e matches remote c8dd624e
[2025-06-04 01:06:45] Git-based update system initialized
[2025-06-04 01:06:45] Enhanced git-based update system initialized with cleanup and validation
[2025-06-04 01:06:46] Up to date: c8dd624e matches remote c8dd624e
[2025-06-04 01:08:20] Git-based update system initialized
[2025-06-04 01:08:20] Enhanced git-based update system initialized with cleanup and validation
[2025-06-04 01:08:22] Up to date: c8dd624e matches remote c8dd624e
[2025-06-04 01:13:22] Git-based update system initialized
[2025-06-04 01:13:23] Enhanced git-based update system initialized with cleanup and validation
[2025-06-04 01:13:24] Up to date: c8dd624e matches remote c8dd624e
